<?xml version="1.0" encoding="UTF-8"?>
<testsuite xmlns:xsi="http://www.w3.org/2001/XMLSchema-instance" xsi:schemaLocation="https://maven.apache.org/surefire/maven-surefire-plugin/xsd/surefire-test-report.xsd" name="runners.PositiveTest" time="50.324" tests="11" errors="0" skipped="0" failures="0">
  <properties>
    <property name="java.runtime.name" value="OpenJDK Runtime Environment"/>
    <property name="java.vm.version" value="15.0.2+7-27"/>
    <property name="sun.boot.library.path" value="C:\Program Files\Java\jdk-15.0.2\bin"/>
    <property name="maven.multiModuleProjectDirectory" value="C:\Users\Cyril.s\eclipse-workspace\Cucumber_framework"/>
    <property name="java.vm.vendor" value="Oracle Corporation"/>
    <property name="java.vendor.url" value="https://java.oracle.com/"/>
    <property name="guice.disable.misplaced.annotation.check" value="true"/>
    <property name="path.separator" value=";"/>
    <property name="java.vm.name" value="OpenJDK 64-Bit Server VM"/>
    <property name="sun.os.patch.level" value=""/>
    <property name="user.script" value=""/>
    <property name="user.country" value="US"/>
    <property name="sun.java.launcher" value="SUN_STANDARD"/>
    <property name="java.vm.specification.name" value="Java Virtual Machine Specification"/>
    <property name="user.dir" value="C:\Users\Cyril.s\eclipse-workspace\Cucumber_framework"/>
    <property name="java.vm.compressedOopsMode" value="32-bit"/>
    <property name="java.runtime.version" value="15.0.2+7-27"/>
    <property name="os.arch" value="amd64"/>
    <property name="java.io.tmpdir" value="C:\Users\Cyril.s\AppData\Local\Temp\"/>
    <property name="line.separator" value="&#10;"/>
    <property name="java.vm.specification.vendor" value="Oracle Corporation"/>
    <property name="user.variant" value=""/>
    <property name="os.name" value="Windows 10"/>
    <property name="classworlds.conf" value="C:\Users\Cyril.s\eclipse-workspace\.metadata\.plugins\org.eclipse.m2e.launching\launches\m2conf6764519630472322384.tmp"/>
    <property name="sun.jnu.encoding" value="Cp1252"/>
    <property name="java.library.path" value="C:\Program Files\Java\jdk-15.0.2\bin;C:\WINDOWS\Sun\Java\bin;C:\WINDOWS\system32;C:\WINDOWS;C:/Program Files/Java/jre1.8.0_181/bin/server;C:/Program Files/Java/jre1.8.0_181/bin;C:/Program Files/Java/jre1.8.0_181/lib/amd64;C:\Program Files (x86)\Common Files\Oracle\Java\javapath;C:\WINDOWS\system32;C:\WINDOWS;C:\WINDOWS\System32\Wbem;C:\WINDOWS\System32\WindowsPowerShell\v1.0\;C:\WINDOWS\System32\OpenSSH\;C:\Windows\CCM;C:\Users\Cyril.s\AppData\Local\Microsoft\WindowsApps;C:\Users\Cyril.s\AppData\Local\Programs\Git\cmd;C:\Users\Cyril.s\AppData\Local\Microsoft\WindowsApps;;C:\Users\Cyril.s\OneDrive - HCL Technologies Ltd\Desktop;;."/>
    <property name="jdk.debug" value="release"/>
    <property name="java.class.version" value="59.0"/>
    <property name="java.specification.name" value="Java Platform API Specification"/>
    <property name="sun.management.compiler" value="HotSpot 64-Bit Tiered Compilers"/>
    <property name="os.version" value="10.0"/>
    <property name="user.home" value="C:\Users\Cyril.s"/>
    <property name="user.timezone" value="Asia/Calcutta"/>
    <property name="file.encoding" value="Cp1252"/>
    <property name="java.specification.version" value="15"/>
    <property name="user.name" value="cyril.s"/>
    <property name="java.class.path" value="C:\Users\Cyril.s\OneDrive - HCL Technologies Ltd\Documents\Automation Files\Selenium Webdriver\eclipse-jee-2019-12-R-win32-x86_64\eclipse\plugins\org.eclipse.m2e.maven.runtime_1.14.0.20191209-1923\jars\plexus-classworlds-2.6.0.jar"/>
    <property name="java.vm.specification.version" value="15"/>
    <property name="sun.arch.data.model" value="64"/>
    <property name="sun.java.command" value="org.codehaus.plexus.classworlds.launcher.Launcher -B clean install"/>
    <property name="java.home" value="C:\Program Files\Java\jdk-15.0.2"/>
    <property name="user.language" value="en"/>
    <property name="java.specification.vendor" value="Oracle Corporation"/>
    <property name="java.vm.info" value="mixed mode, sharing"/>
    <property name="java.version" value="15.0.2"/>
    <property name="java.vendor" value="Oracle Corporation"/>
    <property name="maven.home" value="C:\Users\Cyril.s\eclipse-workspace\Cucumber_framework\EMBEDDED"/>
    <property name="file.separator" value="\"/>
    <property name="java.version.date" value="2021-01-19"/>
    <property name="java.vendor.url.bug" value="https://bugreport.java.com/bugreport/"/>
    <property name="sun.io.unicode.encoding" value="UnicodeLittle"/>
    <property name="sun.cpu.endian" value="little"/>
    <property name="sun.cpu.isalist" value="amd64"/>
  </properties>
  <testcase name="Given I am on the Home Page &quot;https://www.carsguide.com.au&quot; of CarsGuide Website" classname="Scenario: Validate Search Cars Page" time="0.008"/>
  <testcase name="When I move to Car For Sale Menu" classname="Scenario: Validate Search Cars Page" time="0"/>
  <testcase name="And click on &quot;Search Cars&quot; link" classname="Scenario: Validate Search Cars Page" time="0"/>
  <testcase name="And select carbrand as &quot;BMW&quot; from AnyMake dropdown" classname="Scenario: Validate Search Cars Page" time="0"/>
  <testcase name="And select &quot;1 SERIES&quot; as car model" classname="Scenario: Validate Search Cars Page" time="0"/>
  <testcase name="And select location as &quot;Australia&quot; from SelectLocation dropdown" classname="Scenario: Validate Search Cars Page" time="0"/>
  <testcase name="And select &quot;$1,000&quot; as price" classname="Scenario: Validate Search Cars Page" time="0"/>
  <testcase name="And click on Find_My_Next_Car button" classname="Scenario: Validate Search Cars Page" time="0"/>
  <testcase name="Then I should see list of searched cars" classname="Scenario: Validate Search Cars Page" time="0"/>
  <testcase name="And the page title should be &quot;Bmw 1 Series Cars Under $1000 for Sale | CarsGuide&quot;" classname="Scenario: Validate Search Cars Page" time="0"/>
  <testcase name="Scenario: Validate Search Cars Page" classname="Scenario: Validate Search Cars Page" time="0"/>
</testsuite>